[INFO  - 2019-05-29T20:50:45.338Z] GhostDriver - Main - running on port 8156
[INFO  - 2019-05-29T20:50:45.989Z] Session [6e888d10-8253-11e9-815c-312d846068fa] - page.settings - {"XSSAuditingEnabled":false,"javascriptCanCloseWindows":true,"javascriptCanOpenWindows":true,"javascriptEnabled":true,"loadImages":true,"localToRemoteUrlAccessEnabled":false,"userAgent":"Mozilla/5.0 (Windows NT 6.2; WOW64) AppleWebKit/538.1 (KHTML, like Gecko) PhantomJS/2.1.1 Safari/538.1","webSecurityEnabled":true}
[INFO  - 2019-05-29T20:50:45.989Z] Session [6e888d10-8253-11e9-815c-312d846068fa] - page.customHeaders:  - {}
[INFO  - 2019-05-29T20:50:45.990Z] Session [6e888d10-8253-11e9-815c-312d846068fa] - Session.negotiatedCapabilities - {"browserName":"phantomjs","version":"2.1.1","driverName":"ghostdriver","driverVersion":"1.2.0","platform":"windows-10-32bit","javascriptEnabled":true,"takesScreenshot":true,"handlesAlerts":false,"databaseEnabled":false,"locationContextEnabled":false,"applicationCacheEnabled":false,"browserConnectionEnabled":false,"cssSelectorsEnabled":true,"webStorageEnabled":false,"rotatable":false,"acceptSslCerts":false,"nativeEvents":true,"proxy":{"proxyType":"direct"}}
[INFO  - 2019-05-29T20:50:45.991Z] SessionManagerReqHand - _postNewSessionCommand - New Session Created: 6e888d10-8253-11e9-815c-312d846068fa
[ERROR - 2019-05-29T20:50:49.369Z] WebElementLocator - _handleLocateCommand - Element(s) NOT Found: GAVE UP. Search Stop Time: 1559163049327
[ERROR - 2019-05-29T20:50:50.290Z] WebElementLocator - _handleLocateCommand - Element(s) NOT Found: GAVE UP. Search Stop Time: 1559163050253
[INFO  - 2019-05-29T20:55:45.347Z] SessionManagerReqHand - _cleanupWindowlessSessions - Asynchronous Sessions clean-up phase starting NOW
e9-a829-311ff1e4ec5b] - page.settings - {"XSSAuditingEnabled":false,"javascriptCanCloseWindows":true,"javascriptCanOpenWindows":true,"javascriptEnabled":true,"loadImages":true,"localToRemoteUrlAccessEnabled":false,"userAgent":"Mozilla/5.0 (Windows NT 6.2; WOW64) AppleWebKit/538.1 (KHTML, like Gecko) PhantomJS/2.1.1 Safari/538.1","webSecurityEnabled":true}
[INFO  - 2019-05-29T20:50:52.019Z] Session [7220cf00-8253-11e9-a829-311ff1e4ec5b] - page.customHeaders:  - {}
[INFO  - 2019-05-29T20:50:52.019Z] Session [7220cf00-8253-11e9-a829-311ff1e4ec5b] - Session.negotiatedCapabilities - {"browserName":"phantomjs","version":"2.1.1","driverName":"ghostdriver","driverVersion":"1.2.0","platform":"windows-10-32bit","javascriptEnabled":true,"takesScreenshot":true,"handlesAlerts":false,"databaseEnabled":false,"locationContextEnabled":false,"applicationCacheEnabled":false,"browserConnectionEnabled":false,"cssSelectorsEnabled":true,"webStorageEnabled":false,"rotatable":false,"acceptSslCerts":false,"nativeEvents":true,"proxy":{"proxyType":"direct"}}
[INFO  - 2019-05-29T20:50:52.019Z] SessionManagerReqHand - _postNewSessionCommand - New Session Created: 7220cf00-8253-11e9-a829-311ff1e4ec5b
[ERROR - 2019-05-29T20:50:55.720Z] WebElementLocator - _handleLocateCommand - Element(s) NOT Found: GAVE UP. Search Stop Time: 1559163055695
[ERROR - 2019-05-29T20:50:56.630Z] WebElementLocator - _handleLocateCommand - Element(s) NOT Found: GAVE UP. Search Stop Time: 1559163056609
[INFO  - 2019-05-29T20:55:51.866Z] SessionManagerReqHand - _cleanupWindowlessSessions - Asynchronous Sessions clean-up phase starting NOW
9-83ab-f579d59642ee] - page.settings - {"XSSAuditingEnabled":false,"javascriptCanCloseWindows":true,"javascriptCanOpenWindows":true,"javascriptEnabled":true,"loadImages":true,"localToRemoteUrlAccessEnabled":false,"userAgent":"Mozilla/5.0 (Windows NT 6.2; WOW64) AppleWebKit/538.1 (KHTML, like Gecko) PhantomJS/2.1.1 Safari/538.1","webSecurityEnabled":true}
[INFO  - 2019-05-29T20:50:58.371Z] Session [75ea0c00-8253-11e9-83ab-f579d59642ee] - page.customHeaders:  - {}
[INFO  - 2019-05-29T20:50:58.372Z] Session [75ea0c00-8253-11e9-83ab-f579d59642ee] - Session.negotiatedCapabilities - {"browserName":"phantomjs","version":"2.1.1","driverName":"ghostdriver","driverVersion":"1.2.0","platform":"windows-10-32bit","javascriptEnabled":true,"takesScreenshot":true,"handlesAlerts":false,"databaseEnabled":false,"locationContextEnabled":false,"applicationCacheEnabled":false,"browserConnectionEnabled":false,"cssSelectorsEnabled":true,"webStorageEnabled":false,"rotatable":false,"acceptSslCerts":false,"nativeEvents":true,"proxy":{"proxyType":"direct"}}
[INFO  - 2019-05-29T20:50:58.372Z] SessionManagerReqHand - _postNewSessionCommand - New Session Created: 75ea0c00-8253-11e9-83ab-f579d59642ee
[ERROR - 2019-05-29T20:51:02.775Z] WebElementLocator - _handleLocateCommand - Element(s) NOT Found: GAVE UP. Search Stop Time: 1559163062733
[ERROR - 2019-05-29T20:51:03.773Z] WebElementLocator - _handleLocateCommand - Element(s) NOT Found: GAVE UP. Search Stop Time: 1559163063742
[INFO  - 2019-05-29T20:55:58.224Z] SessionManagerReqHand - _cleanupWindowlessSessions - Asynchronous Sessions clean-up phase starting NOW
e9-a470-31e536791aa2] - page.settings - {"XSSAuditingEnabled":false,"javascriptCanCloseWindows":true,"javascriptCanOpenWindows":true,"javascriptEnabled":true,"loadImages":true,"localToRemoteUrlAccessEnabled":false,"userAgent":"Mozilla/5.0 (Windows NT 6.2; WOW64) AppleWebKit/538.1 (KHTML, like Gecko) PhantomJS/2.1.1 Safari/538.1","webSecurityEnabled":true}
[INFO  - 2019-05-29T20:54:16.677Z] Session [ec1cfd10-8253-11e9-a470-31e536791aa2] - page.customHeaders:  - {}
[INFO  - 2019-05-29T20:54:16.678Z] Session [ec1cfd10-8253-11e9-a470-31e536791aa2] - Session.negotiatedCapabilities - {"browserName":"phantomjs","version":"2.1.1","driverName":"ghostdriver","driverVersion":"1.2.0","platform":"windows-10-32bit","javascriptEnabled":true,"takesScreenshot":true,"handlesAlerts":false,"databaseEnabled":false,"locationContextEnabled":false,"applicationCacheEnabled":false,"browserConnectionEnabled":false,"cssSelectorsEnabled":true,"webStorageEnabled":false,"rotatable":false,"acceptSslCerts":false,"nativeEvents":true,"proxy":{"proxyType":"direct"}}
[INFO  - 2019-05-29T20:54:16.678Z] SessionManagerReqHand - _postNewSessionCommand - New Session Created: ec1cfd10-8253-11e9-a470-31e536791aa2
[ERROR - 2019-05-29T20:54:19.280Z] WebElementLocator - _handleLocateCommand - Element(s) NOT Found: GAVE UP. Search Stop Time: 1559163259261
[ERROR - 2019-05-29T20:54:20.194Z] WebElementLocator - _handleLocateCommand - Element(s) NOT Found: GAVE UP. Search Stop Time: 1559163260165
[INFO  - 2019-05-29T20:59:16.456Z] SessionManagerReqHand - _cleanupWindowlessSessions - Asynchronous Sessions clean-up phase starting NOW
e9-b56d-c5c3e9d469fd] - page.settings - {"XSSAuditingEnabled":false,"javascriptCanCloseWindows":true,"javascriptCanOpenWindows":true,"javascriptEnabled":true,"loadImages":true,"localToRemoteUrlAccessEnabled":false,"userAgent":"Mozilla/5.0 (Windows NT 6.2; WOW64) AppleWebKit/538.1 (KHTML, like Gecko) PhantomJS/2.1.1 Safari/538.1","webSecurityEnabled":true}
[INFO  - 2019-05-29T20:54:21.887Z] Session [ef37f8b0-8253-11e9-b56d-c5c3e9d469fd] - page.customHeaders:  - {}
[INFO  - 2019-05-29T20:54:21.887Z] Session [ef37f8b0-8253-11e9-b56d-c5c3e9d469fd] - Session.negotiatedCapabilities - {"browserName":"phantomjs","version":"2.1.1","driverName":"ghostdriver","driverVersion":"1.2.0","platform":"windows-10-32bit","javascriptEnabled":true,"takesScreenshot":true,"handlesAlerts":false,"databaseEnabled":false,"locationContextEnabled":false,"applicationCacheEnabled":false,"browserConnectionEnabled":false,"cssSelectorsEnabled":true,"webStorageEnabled":false,"rotatable":false,"acceptSslCerts":false,"nativeEvents":true,"proxy":{"proxyType":"direct"}}
[INFO  - 2019-05-29T20:54:21.887Z] SessionManagerReqHand - _postNewSessionCommand - New Session Created: ef37f8b0-8253-11e9-b56d-c5c3e9d469fd
[ERROR - 2019-05-29T20:54:25.887Z] WebElementLocator - _handleLocateCommand - Element(s) NOT Found: GAVE UP. Search Stop Time: 1559163265864
[ERROR - 2019-05-29T20:54:26.817Z] WebElementLocator - _handleLocateCommand - Element(s) NOT Found: GAVE UP. Search Stop Time: 1559163266794
[INFO  - 2019-05-29T20:59:21.783Z] SessionManagerReqHand - _cleanupWindowlessSessions - Asynchronous Sessions clean-up phase starting NOW
9-9de1-3bd05481dbad] - page.settings - {"XSSAuditingEnabled":false,"javascriptCanCloseWindows":true,"javascriptCanOpenWindows":true,"javascriptEnabled":true,"loadImages":true,"localToRemoteUrlAccessEnabled":false,"userAgent":"Mozilla/5.0 (Windows NT 6.2; WOW64) AppleWebKit/538.1 (KHTML, like Gecko) PhantomJS/2.1.1 Safari/538.1","webSecurityEnabled":true}
[INFO  - 2019-05-29T20:54:28.571Z] Session [f3340580-8253-11e9-9de1-3bd05481dbad] - page.customHeaders:  - {}
[INFO  - 2019-05-29T20:54:28.571Z] Session [f3340580-8253-11e9-9de1-3bd05481dbad] - Session.negotiatedCapabilities - {"browserName":"phantomjs","version":"2.1.1","driverName":"ghostdriver","driverVersion":"1.2.0","platform":"windows-10-32bit","javascriptEnabled":true,"takesScreenshot":true,"handlesAlerts":false,"databaseEnabled":false,"locationContextEnabled":false,"applicationCacheEnabled":false,"browserConnectionEnabled":false,"cssSelectorsEnabled":true,"webStorageEnabled":false,"rotatable":false,"acceptSslCerts":false,"nativeEvents":true,"proxy":{"proxyType":"direct"}}
[INFO  - 2019-05-29T20:54:28.572Z] SessionManagerReqHand - _postNewSessionCommand - New Session Created: f3340580-8253-11e9-9de1-3bd05481dbad
[ERROR - 2019-05-29T20:54:33.632Z] WebElementLocator - _handleLocateCommand - Element(s) NOT Found: GAVE UP. Search Stop Time: 1559163273606
[ERROR - 2019-05-29T20:54:34.634Z] WebElementLocator - _handleLocateCommand - Element(s) NOT Found: GAVE UP. Search Stop Time: 1559163274597
[INFO  - 2019-05-29T20:59:28.425Z] SessionManagerReqHand - _cleanupWindowlessSessions - Asynchronous Sessions clean-up phase starting NOW
e9-8db4-2dcf1cf966a5] - page.settings - {"XSSAuditingEnabled":false,"javascriptCanCloseWindows":true,"javascriptCanOpenWindows":true,"javascriptEnabled":true,"loadImages":true,"localToRemoteUrlAccessEnabled":false,"userAgent":"Mozilla/5.0 (Windows NT 6.2; WOW64) AppleWebKit/538.1 (KHTML, like Gecko) PhantomJS/2.1.1 Safari/538.1","webSecurityEnabled":true}
[INFO  - 2019-05-29T20:55:52.895Z] Session [2576d7c0-8254-11e9-8db4-2dcf1cf966a5] - page.customHeaders:  - {}
[INFO  - 2019-05-29T20:55:52.895Z] Session [2576d7c0-8254-11e9-8db4-2dcf1cf966a5] - Session.negotiatedCapabilities - {"browserName":"phantomjs","version":"2.1.1","driverName":"ghostdriver","driverVersion":"1.2.0","platform":"windows-10-32bit","javascriptEnabled":true,"takesScreenshot":true,"handlesAlerts":false,"databaseEnabled":false,"locationContextEnabled":false,"applicationCacheEnabled":false,"browserConnectionEnabled":false,"cssSelectorsEnabled":true,"webStorageEnabled":false,"rotatable":false,"acceptSslCerts":false,"nativeEvents":true,"proxy":{"proxyType":"direct"}}
[INFO  - 2019-05-29T20:55:52.895Z] SessionManagerReqHand - _postNewSessionCommand - New Session Created: 2576d7c0-8254-11e9-8db4-2dcf1cf966a5
[ERROR - 2019-05-29T20:55:58.693Z] WebElementLocator - _handleLocateCommand - Element(s) NOT Found: GAVE UP. Search Stop Time: 1559163358661
[ERROR - 2019-05-29T20:55:59.604Z] WebElementLocator - _handleLocateCommand - Element(s) NOT Found: GAVE UP. Search Stop Time: 1559163359568
[INFO  - 2019-05-29T20:56:01.225Z] GhostDriver - Main - running on port 35184
[INFO  - 2019-05-29T20:56:01.356Z] Session [2a81bc80-8254-11e9-b12d-cb0f75df1074] - page.settings - {"XSSAuditingEnabled":false,"javascriptCanCloseWindows":true,"javascriptCanOpenWindows":true,"javascriptEnabled":true,"loadImages":true,"localToRemoteUrlAccessEnabled":false,"userAgent":"Mozilla/5.0 (Windows NT 6.2; WOW64) AppleWebKit/538.1 (KHTML, like Gecko) PhantomJS/2.1.1 Safari/538.1","webSecurityEnabled":true}
[INFO  - 2019-05-29T20:56:01.356Z] Session [2a81bc80-8254-11e9-b12d-cb0f75df1074] - page.customHeaders:  - {}
[INFO  - 2019-05-29T20:56:01.356Z] Session [2a81bc80-8254-11e9-b12d-cb0f75df1074] - Session.negotiatedCapabilities - {"browserName":"phantomjs","version":"2.1.1","driverName":"ghostdriver","driverVersion":"1.2.0","platform":"windows-10-32bit","javascriptEnabled":true,"takesScreenshot":true,"handlesAlerts":false,"databaseEnabled":false,"locationContextEnabled":false,"applicationCacheEnabled":false,"browserConnectionEnabled":false,"cssSelectorsEnabled":true,"webStorageEnabled":false,"rotatable":false,"acceptSslCerts":false,"nativeEvents":true,"proxy":{"proxyType":"direct"}}
[INFO  - 2019-05-29T20:56:01.356Z] SessionManagerReqHand - _postNewSessionCommand - New Session Created: 2a81bc80-8254-11e9-b12d-cb0f75df1074
[ERROR - 2019-05-29T20:56:06.195Z] WebElementLocator - _handleLocateCommand - Element(s) NOT Found: GAVE UP. Search Stop Time: 1559163366163
[ERROR - 2019-05-29T20:56:07.114Z] WebElementLocator - _handleLocateCommand - Element(s) NOT Found: GAVE UP. Search Stop Time: 1559163367091
[INFO  - 2019-05-29T20:56:08.737Z] GhostDriver - Main - running on port 10118
[INFO  - 2019-05-29T20:56:08.873Z] Session [2efcbd50-8254-11e9-8875-398a78ba6e0f] - page.settings - {"XSSAuditingEnabled":false,"javascriptCanCloseWindows":true,"javascriptCanOpenWindows":true,"javascriptEnabled":true,"loadImages":true,"localToRemoteUrlAccessEnabled":false,"userAgent":"Mozilla/5.0 (Windows NT 6.2; WOW64) AppleWebKit/538.1 (KHTML, like Gecko) PhantomJS/2.1.1 Safari/538.1","webSecurityEnabled":true}
[INFO  - 2019-05-29T20:56:08.873Z] Session [2efcbd50-8254-11e9-8875-398a78ba6e0f] - page.customHeaders:  - {}
[INFO  - 2019-05-29T20:56:08.873Z] Session [2efcbd50-8254-11e9-8875-398a78ba6e0f] - Session.negotiatedCapabilities - {"browserName":"phantomjs","version":"2.1.1","driverName":"ghostdriver","driverVersion":"1.2.0","platform":"windows-10-32bit","javascriptEnabled":true,"takesScreenshot":true,"handlesAlerts":false,"databaseEnabled":false,"locationContextEnabled":false,"applicationCacheEnabled":false,"browserConnectionEnabled":false,"cssSelectorsEnabled":true,"webStorageEnabled":false,"rotatable":false,"acceptSslCerts":false,"nativeEvents":true,"proxy":{"proxyType":"direct"}}
[INFO  - 2019-05-29T20:56:08.873Z] SessionManagerReqHand - _postNewSessionCommand - New Session Created: 2efcbd50-8254-11e9-8875-398a78ba6e0f
[ERROR - 2019-05-29T20:56:15.223Z] WebElementLocator - _handleLocateCommand - Element(s) NOT Found: GAVE UP. Search Stop Time: 1559163375192
[ERROR - 2019-05-29T20:56:16.239Z] WebElementLocator - _handleLocateCommand - Element(s) NOT Found: GAVE UP. Search Stop Time: 1559163376198
